7367648
1
0
0
0
0
0
0
0
0
0
1
3
8
15
22
31
38
45
55
70
82
97
111
126
144
150
158
166
186
200
243
293
334
383
450
521
584
683
787
897
1031
1206
1371
1548
1730
1902
2062
2262
2470
2732
3004
3340
3663
4021
4416
4822
5280
5766
6299
6861
7468
8120
8750
9457
10170
10894
11762
12667
13669
14617
15882
17036
18429
19799
21501
23005
24823
26507
28373
30017
31898
33593
35604
37388
39374
41272
43295
45162
47124
49094
50953
53047
54710
56710
58373
60346
61809
63710
65063
66565
67904
69089
70243
71343
72422
73343
74527
75573
76749
77748
78707
79600
80287
81094
81799
82521
83144
84029
84654
85425
85845
86570
86859
87298
87661
87797
88018
87812
87922
87504
87214
86618
86178
85370
84626
83765
83049
82356
81730
81224
80519
79927
79109
78456
77283
76232
75102
74224
73181
71782
70412
68449
66675
64378
62284
60346
58499
55999
54280
52585
51142
49724
48816
48026
47575
47205
46733
46318
45837
45761
45033
44668
43637
43004
42001
40867
40163
38856
37618
36205
35064
33620
32445
31105
29816
27924
26203
24223
22026
20087
18047
16140
14305
12729
11382
9628
8597
7437
6638
5803
5177
4524
3742
3126
2571
2161
1868
1754
1651
1426
1268
1132
942
882
812
818
724
656
645
571
460
411
383
317
296
258
199
146
94
61
59
28
19
8
6
Exit status: 0
