2526148
1
0
0
0
0
0
0
0
0
0
1
3
8
15
22
31
38
45
55
70
82
97
111
126
144
150
158
166
186
200
243
293
334
383
450
521
584
683
787
897
1031
1206
1371
1548
1730
1902
2062
2262
2470
2732
3004
3340
3663
4021
4416
4822
5280
5766
6299
6857
7464
8116
8736
9431
10141
10856
11709
12604
13599
14541
15808
16949
18326
19695
21343
22825
24600
26256
28082
29665
31507
33122
35070
36782
38658
40388
42210
43813
45490
46986
48403
50073
51162
52545
53312
54459
54876
55776
56070
56640
57045
57157
57051
56561
55769
54714
53401
52012
50026
47967
45783
43221
40620
38462
36371
34603
32953
31418
29863
28683
27278
25875
24274
22525
20882
18872
16825
14701
12268
10339
8701
7421
6299
5448
4882
4507
4030
3718
3524
3340
3191
3044
2939
2850
2899
2787
2825
2685
2601
2416
2324
2123
1874
1762
1570
1377
1216
1090
1018
899
684
532
402
256
210
156
112
69
41
23
14
5
6
1
1
2
1
Exit status: 0
