66879366
1
0
0
0
0
0
0
0
0
0
1
3
8
15
22
31
38
45
55
70
82
97
111
126
144
150
158
166
186
200
243
293
334
383
450
521
584
683
787
897
1031
1206
1371
1548
1730
1902
2062
2262
2470
2732
3004
3340
3663
4021
4416
4822
5280
5766
6299
6861
7468
8120
8750
9457
10170
10894
11762
12667
13669
14617
15882
17036
18429
19799
21501
23005
24826
26512
28378
30028
31916
33613
35628
37415
39402
41298
43322
45195
47158
49132
51017
53137
54829
56873
58594
60633
62155
64123
65545
67136
68558
69871
71191
72448
73685
74737
76043
77221
78510
79711
80978
82239
83325
84571
85722
86986
87905
89220
90220
91395
92207
93359
94124
95101
96077
96905
98002
98712
99904
100728
101675
102424
103347
104061
104738
105361
105943
106474
107077
107377
107701
107979
108290
108719
109115
109444
109743
110052
110496
110802
111209
111314
111871
112046
112387
112823
113365
113791
114330
114683
115367
116028
116855
117507
118287
119326
120095
121494
122436
123780
124440
125936
126591
127861
128673
129823
131239
132527
134019
135244
136980
137821
139482
140645
142262
143512
145308
146450
148031
149613
150868
152080
153080
154144
154781
155808
156675
157595
158749
159643
161138
161914
163337
163834
165304
165548
166676
167269
168656
169504
170974
171998
172981
174327
175262
175907
176765
177838
179119
180159
181646
182925
184541
186207
187681
188939
190357
191896
193252
194995
196619
198608
200259
202222
204338
205860
207637
209284
210862
212492
214045
215989
217540
219680
221263
223160
224342
226355
227447
229124
230341
232212
233703
235006
236571
238035
239188
240281
241550
242690
243351
244491
245534
246283
247515
248658
249350
250667
251391
252458
253316
254541
255324
256653
257798
258590
259953
260584
261799
262366
263501
264356
265513
266511
267712
268939
270379
270945
272168
273325
274230
275319
275995
277292
277648
278996
279303
280084
281107
281437
282066
282807
283461
284115
284554
285547
285698
286509
287179
288132
289001
289561
290924
291619
292674
292680
293807
294521
294766
296100
296862
297894
298601
299565
300380
301034
301630
302319
303075
303676
304436
305042
305790
305637
305960
305962
306179
305378
305207
305101
305075
304368
304204
303996
304070
303605
303126
302567
302161
301117
300217
300245
299087
299267
299057
298638
298123
297067
296443
295220
294437
292615
291545
289892
287943
286572
284808
282838
281088
279122
276776
274466
272373
270038
267514
264975
262655
260097
257446
254563
252343
249426
246668
243200
240469
237243
234220
230776
227794
224650
220893
217489
214375
210143
205917
201779
198387
193737
189786
185420
181382
176785
172838
168326
163706
158867
154352
149952
145636
140756
135622
130730
125164
119383
114106
108791
103066
97459
92149
86784
82090
77506
72692
68680
64205
60396
57001
53614
50052
47215
44030
41381
38746
35792
32858
29694
26865
23952
21825
19735
17666
16242
15114
14116
13244
12504
11940
11242
10648
9995
9229
8565
7782
6877
6264
5599
5049
4585
4106
3629
3126
2725
2358
2105
1915
1788
1654
1596
1500
1355
1260
1126
1058
928
825
769
721
678
647
607
564
521
472
481
416
355
306
288
263
219
214
211
184
166
154
149
140
126
121
124
120
118
119
91
81
72
62
57
44
34
19
13
12
2
3
0
2
1
Exit status: 0
