16214346
1
0
0
0
0
0
0
0
0
0
1
3
8
15
22
31
38
45
55
70
82
97
111
126
144
150
158
166
186
200
243
293
334
383
450
521
584
683
787
897
1031
1206
1371
1548
1730
1902
2062
2262
2470
2732
3004
3340
3663
4021
4416
4822
5280
5766
6299
6861
7468
8120
8750
9457
10170
10894
11762
12667
13669
14617
15882
17036
18429
19799
21501
23005
24826
26512
28378
30028
31916
33613
35628
37415
39402
41298
43322
45195
47158
49132
51017
53133
54825
56869
58584
60615
62134
64099
65519
67110
68530
69843
71163
72417
73648
74697
75994
77161
78439
79612
80849
82073
83144
84358
85495
86733
87619
88885
89812
90935
91691
92780
93492
94415
95316
96072
97069
97691
98766
99475
100318
100892
101643
102179
102674
103067
103445
103793
104207
104341
104387
104353
104307
104437
104467
104584
104587
104784
104869
104954
104975
104814
105041
104931
104853
104928
104983
104912
104954
104634
104711
104702
104948
105162
105518
106192
106570
107652
108157
109107
109439
110652
110863
111834
112075
112735
113501
114124
115046
115550
116921
117259
118433
118941
119943
120370
121133
121362
121857
122531
122692
123039
123107
123012
122584
122340
121938
121544
121176
120769
120794
120307
119994
118975
118690
117078
116336
115278
114958
114267
113671
113084
111921
111133
109672
108406
106820
105469
104230
102743
101351
99462
97864
96082
93452
91412
89446
87010
84391
81676
78965
76065
72586
69072
65173
60739
56663
53053
49462
46313
43123
40994
38596
36959
35485
34189
32917
31940
30942
30214
29417
28357
27110
25812
24420
22753
20683
18549
16765
14884
13147
11551
10219
9025
8233
7289
6837
6198
5647
5262
4842
4389
4096
3720
3293
2787
2410
2232
2119
1916
1748
1445
1131
904
734
627
472
336
258
226
182
119
67
40
26
14
11
8
7
4
3
Exit status: 0
