6702656
1
0
0
0
0
0
0
0
0
0
0
0
0
0
0
0
1
6
21
54
114
216
387
673
1136
1849
2895
4359
6314
8838
11986
15824
20400
25720
31758
38483
45851
53868
62573
72037
82127
92810
104189
116523
129974
143823
156659
168196
178391
188259
198920
209546
218196
222615
222110
220303
217602
213693
206107
195059
182795
171285
161657
155673
152491
151018
151129
152295
154130
155075
154307
149714
140248
127363
112288
98546
86364
74407
62932
52610
42895
34499
27055
19390
13285
9378
6881
5165
3522
2195
985
392
143
49
11
12
5
1
Exit status: 0
