941039539
1
0
0
0
0
0
0
0
0
0
0
0
0
0
0
0
1
6
21
54
114
216
387
673
1136
1850
2903
4390
6399
9021
12343
16471
21473
27401
34303
42210
51178
61308
72727
85625
100309
117117
136423
158604
184175
213530
247051
285220
328202
376159
429154
487071
549799
617178
689176
766329
848889
937713
1033387
1136553
1248250
1368883
1499196
1639381
1789712
1950198
2120002
2298475
2484809
2678401
2878746
3084580
3295757
3512328
3733724
3961307
4194588
4434745
4683593
4940472
5204810
5477837
5760017
6051224
6350713
6658907
6975625
7298830
7628933
7966791
8311213
8664133
9027043
9401577
9787683
10187638
10598576
11017764
11446470
11883705
12328597
12778249
13225509
13668612
14100764
14519933
14923721
15306918
15666240
15991374
16282682
16538391
16753424
16927081
17062431
17162930
17225318
17246089
17219464
17145770
17022501
16853721
16634722
16363474
16034039
15640446
15187340
14674383
14114283
13516428
12894380
12247731
11582288
10902899
10211085
9514040
8818176
8138149
7492368
6904007
6384103
5934311
5549471
5212769
4909270
4624481
4359006
4117314
3909260
3741226
3614598
3523039
3457762
3409421
3370955
3337618
3304724
3266149
3224995
3182886
3139545
3091295
3039948
2990029
2946834
2910096
2871600
2825440
2769739
2710557
2648484
2581325
2506861
2418436
2311801
2184320
2036300
1871658
1696622
1518711
1343033
1172520
1006139
843446
692171
554979
432388
326502
238245
168937
118121
81218
56159
37194
23991
14711
7852
4190
2006
1054
558
211
89
23
Exit status: 0
