119789908
1
0
0
0
0
0
0
0
0
0
0
0
0
0
0
0
0
0
0
0
1
5
16
41
95
208
422
809
1473
2569
4306
6922
10719
16049
23329
32972
45381
61088
80542
104239
132751
166496
205795
251016
302360
359905
424200
495298
573290
657931
749502
847941
952134
1062578
1179348
1302331
1430813
1564393
1702531
1844085
1989317
2136474
2283382
2430140
2574013
2710880
2841882
2964335
3076778
3178796
3269097
3347646
3413209
3463089
3499839
3523094
3527249
3511831
3477108
3422259
3350072
3262801
3159302
3043056
2916020
2780708
2640872
2495677
2348321
2193659
2033558
1868652
1701021
1530399
1360874
1192194
1025793
865910
714860
574723
449041
340305
248302
174051
116097
73745
43978
25149
13626
6726
2991
943
163
14
2
Exit status: 0
