919335307
1
0
0
0
0
0
0
0
0
0
0
0
0
0
0
0
0
0
0
0
1
5
16
41
95
210
428
822
1499
2616
4392
7079
11005
16571
24218
34456
47846
64999
86624
113445
146281
185928
233228
288978
354031
429082
514896
612352
722255
845397
982222
1133049
1298472
1479017
1674608
1885727
2112653
2355228
2613309
2886993
3175514
3478829
3796200
4126614
4470324
4826590
5194578
5573426
5962237
6360495
6766454
7178865
7597575
8021351
8446349
8872399
9296100
9717722
10133755
10543824
10941800
11328715
11702505
12062926
12408172
12736830
13047835
13338658
13608869
13858955
14089132
14302758
14494356
14660900
14805173
14928060
15023491
15089568
15132520
15155445
15151104
15125734
15084544
15028656
14956270
14862804
14750551
14621363
14481765
14326932
14160643
13976781
13775524
13554922
13317073
13063137
12789471
12500841
12196511
11881685
11554424
11216667
10871838
10523492
10171395
9817280
9461550
9101157
8740659
8384042
8034881
7692610
7348481
7006443
6669253
6335460
6005520
5673124
5344561
5020565
4701478
4387367
4077305
3765962
3457948
3161148
2874794
2599009
2335499
2084476
1849505
1633608
1433896
1246872
1071102
908785
767766
641844
530594
434492
351667
279407
216936
162040
117178
81862
56243
37506
24236
15136
9699
6280
3872
2197
1067
548
252
74
Exit status: 0
