41070588
1
0
0
0
0
0
0
0
0
0
0
0
0
0
0
0
0
0
0
0
1
5
16
41
95
208
422
808
1465
2543
4240
6761
10393
15426
22100
30664
41509
55147
71986
92470
116990
145839
179262
217641
261165
309772
363469
422603
486964
555513
627553
703071
780795
860152
940689
1021102
1099146
1173431
1243508
1308908
1365761
1412686
1451861
1478824
1493313
1495290
1484938
1468543
1443596
1409590
1368458
1321292
1267631
1209465
1146228
1077508
1001875
917347
825738
727563
622329
516709
412770
317636
233761
164590
109420
68970
40562
22454
11651
5354
2165
704
127
5
Exit status: 0
