11091217
1
0
0
0
0
0
0
0
0
0
0
0
0
0
1
8
32
90
203
387
658
1025
1502
2099
2811
3649
4607
5720
6988
8493
10238
12197
14397
16772
19358
22115
25012
28022
30979
33745
36317
39033
41563
43978
46062
47991
49784
51265
52699
54124
55439
56661
58044
59420
60729
62208
63616
64968
66371
67874
69523
71328
73078
74967
77042
79145
80729
82400
83503
84389
85276
85660
85814
86291
86735
87254
87488
88206
89190
90326
91683
93030
94304
95682
96718
97762
98607
99100
99398
99346
99385
99600
99802
99538
99311
99295
99481
100072
100329
100574
101206
101669
101839
102103
102527
102975
103350
103256
102805
102757
102747
102400
102070
101370
100453
99526
98884
98220
97389
96820
95921
95273
94769
94667
94862
94944
94751
94080
93297
92705
91433
89768
88617
87338
86091
84621
83355
82096
80967
80105
79082
78060
76983
75625
74442
73395
72239
70594
69390
67695
66200
64909
63559
62172
61272
60146
59223
57710
55870
54252
52496
51106
49593
47825
46174
44256
42453
40775
39451
38062
36409
34775
33272
31844
30636
29303
27811
26182
24579
23290
21993
20496
18991
17734
16488
15233
14132
12910
11628
10483
9376
8346
7431
6671
5743
5036
4485
4041
3677
3202
2744
2400
2133
1782
1446
1205
1000
744
535
442
308
218
167
116
63
40
16
7
3
Exit status: 0
