4395101
1
0
0
0
0
0
0
0
0
0
0
0
0
0
1
8
32
90
203
387
646
1015
1474
2058
2749
3520
4437
5439
6612
8010
9430
11113
12953
14821
16849
18805
20792
22738
24627
26431
28099
29665
31157
32486
33714
34868
35873
36554
37394
38053
38924
39629
40337
40822
41505
42107
42342
42879
43320
43998
44970
45885
46882
47924
48629
49244
49582
49879
50132
49907
49679
49613
49539
49580
49272
49066
49371
49587
49887
50373
50792
51316
51610
51797
51496
51117
50504
49852
49006
48470
48091
47799
47153
46586
46264
46051
45869
45498
45171
44889
44412
43944
43759
43299
42852
42415
41312
40322
39535
38748
37994
37166
36305
35382
34774
34053
33482
32680
31819
30961
30225
29668
29160
28320
27517
26602
25998
25400
24666
23719
22866
21891
21134
20437
19571
18711
18030
17436
16715
16035
15477
14846
14295
13645
13029
12355
11908
11376
10814
10362
9971
9392
8799
8255
7775
7292
6698
6161
5598
5187
4804
4404
4008
3684
3341
3075
2747
2476
2250
2055
1856
1605
1471
1278
1128
956
783
710
634
470
377
280
222
181
127
79
64
55
47
36
20
13
7
6
3
Exit status: 0
