24414248
1
0
0
0
0
0
0
0
0
0
0
0
0
0
1
8
32
90
203
387
658
1025
1506
2101
2823
3660
4633
5754
7049
8587
10336
12367
14613
17083
19774
22651
25700
28908
32161
35260
38298
41409
44434
47336
50117
52799
55354
57639
59953
62227
64361
66408
68442
70466
72404
74365
76298
78051
79911
81715
83757
85875
88208
90422
92758
95207
97592
99799
101687
103504
105262
106502
107725
109080
110342
111802
113116
114617
116375
118273
120267
122435
124578
126964
128911
130825
132621
134505
136121
137464
138754
140011
141300
142361
143480
144517
145431
146600
147822
149452
150962
152732
154275
155592
156923
158270
159726
161496
162576
163401
164502
166009
167510
168910
170006
170835
171688
172575
172977
173407
174118
174737
175458
176204
177156
178338
179822
180765
181930
182915
183947
184935
185947
186973
187471
187390
187262
187162
186779
187032
187041
186947
187345
188178
188463
188127
188186
188347
188455
189053
189515
189799
189831
189835
189281
189054
188966
188526
188331
187979
187842
187645
187453
187045
186942
186403
185107
183500
181665
179678
178134
176545
174916
172928
171319
169544
168370
166485
163783
160888
158600
156078
153740
151313
148719
145701
142703
139888
136846
133615
130192
126559
123368
119871
115966
112027
108225
104033
99846
95644
91795
87659
83377
79557
75586
72038
68285
64872
61481
58136
54556
51256
48253
44778
41559
38068
34495
31216
27885
24605
21612
18760
16255
14038
12106
10424
8879
7538
6252
5056
3850
2985
2202
1697
1357
1167
1023
935
755
554
331
158
66
12
1
Exit status: 0
