1498143
1
0
0
0
0
0
0
0
0
0
0
0
0
0
1
8
32
90
198
375
621
942
1340
1832
2369
2954
3586
4278
5053
5886
6876
7939
9057
10306
11508
12847
14163
15280
16257
16983
17507
17927
18395
18681
18740
18974
18980
19164
19419
19685
19939
20252
20560
20803
21006
21048
21075
21092
21253
21414
21576
21725
22030
22193
22343
22248
21885
21577
21243
20819
20567
20363
20198
19882
19643
19410
19239
19246
19213
19244
19117
18922
18539
18160
17752
17102
16485
15918
15597
15397
15034
14539
14179
13807
13583
13365
13151
12825
12595
12213
11797
11326
10818
10407
10007
9646
9230
8900
8684
8453
8213
7878
7381
7106
6821
6498
6117
5779
5474
5239
5140
4943
4618
4247
3959
3707
3449
3175
2912
2685
2455
2224
2068
1863
1712
1556
1457
1279
1093
953
885
853
786
706
588
499
420
369
351
313
270
238
231
170
132
103
93
72
63
50
21
15
10
8
7
1
Exit status: 0
