917921646
1
0
0
0
0
0
0
0
0
0
1
10
53
196
567
1372
2899
5510
9632
15764
24521
36682
53213
75287
104253
141567
188716
247140
318190
403155
503251
619660
753357
905129
1075769
1265568
1474703
1702981
1949800
2214636
2496737
2795502
3109775
3438787
3781384
4136309
4502125
4876328
5257353
5643566
6033528
6425386
6818568
7211858
7604591
7995737
8383891
8770195
9153259
9534493
9912052
10286664
10657014
11022647
11382642
11733673
12074993
12403348
12719171
13018548
13299850
13562215
13802239
14020967
14215380
14386225
14531710
14650606
14743630
14810766
14854090
14874067
14873452
14852512
14811928
14752220
14671805
14575336
14460951
14331964
14186826
14029391
13859674
13675183
13476246
13263009
13034896
12792968
12540089
12276250
11999336
11713125
11417027
11110616
10798009
10479442
10155951
9827582
9499733
9171798
8843662
8512769
8185125
7860038
7536071
7216377
6896778
6579741
6265641
5952168
5640441
5335758
5034453
4737471
4445414
4161135
3877956
3603840
3337679
3079436
2831235
2596632
2371628
2156884
1953205
1759220
1576301
1402029
1241001
1088303
947517
821286
707605
607864
520004
443205
377405
319270
268414
224776
186042
152464
124627
100657
81222
65150
52486
41690
32708
25813
20408
15839
12269
9309
6588
4570
3270
2442
1738
1219
917
532
345
255
172
135
97
80
49
24
13
5
1
1
1
Exit status: 0
