196257347
1
0
0
0
0
0
0
0
0
0
1
10
53
196
567
1372
2899
5510
9632
15764
24521
36681
53206
75260
104173
141370
188306
246220
316462
400283
498843
613266
744413
892536
1057887
1240618
1441306
1658883
1892558
2141517
2405375
2682055
2970032
3267210
3570492
3878865
4191401
4504537
4815657
5117865
5408285
5686115
5945013
6184605
6404712
6602508
6773760
6920969
7029121
7094842
7105592
7066262
6969319
6801712
6570365
6275267
5910825
5480453
5007305
4497447
3960693
3422866
2894247
2392258
1930295
1503174
1115701
791125
521788
327756
195791
110370
62247
34699
19432
12205
8020
4997
2834
1848
1135
605
324
180
225
111
41
50
40
2
7
1
Exit status: 0
